0 info it worked if it ends with ok
1 verbose cli [ 'C:\\Program Files\\nodejs\\node.exe',
1 verbose cli   'C:\\Users\\yis\\AppData\\Roaming\\npm\\node_modules\\npm\\bin\\npm-cli.js',
1 verbose cli   'start' ]
2 info using npm@3.8.1
3 info using node@v4.2.6
4 verbose run-script [ 'prestart', 'start', 'poststart' ]
5 info lifecycle loc8r@0.0.1~prestart: loc8r@0.0.1
6 silly lifecycle loc8r@0.0.1~prestart: no script for prestart, continuing
7 info lifecycle loc8r@0.0.1~start: loc8r@0.0.1
8 verbose lifecycle loc8r@0.0.1~start: unsafe-perm in lifecycle true
9 verbose lifecycle loc8r@0.0.1~start: PATH: C:\Users\yis\AppData\Roaming\npm\node_modules\npm\bin\node-gyp-bin;C:\loc8r\node_modules\.bin;C:\Program Files\nodejs;"C:\Program Files\Heroku\ruby-2.1.7\bin";C:\Program Files\Git\cmd;C:\Program Files\ActiveState Komodo Edit 9\;C:\ProgramData\Oracle\Java\javapath;C:\WINDOWS\system32;C:\WINDOWS;C:\Program Files\Java\jdk1.8.0_66\bin;C:\Program Files\Intel\WiFi\bin\;C:\Program Files\Common Files\Intel\WirelessCommon\;C:\xampp\php;C:\ProgramData\ComposerSetup\bin;C:\Program Files\nodejs\;C:\Users\yis\Downloads\apache-maven-3.3.9-bin\apache-maven-3.3.9\bin;C:\Program Files\Heroku\bin;C:\Program Files\git\cmd;C:\mongo\bin;C:\Program Files\Git\cmd;C:\Program Files\Intel\WiFi\bin\;C:\Program Files\Common Files\Intel\WirelessCommon\;C:\Users\yis\AppData\Roaming\npm;\Git\bin
10 verbose lifecycle loc8r@0.0.1~start: CWD: C:\loc8r
11 silly lifecycle loc8r@0.0.1~start: Args: [ '/d /s /c', 'node ./bin/www' ]
12 silly lifecycle loc8r@0.0.1~start: Returned: code: 1  signal: null
13 info lifecycle loc8r@0.0.1~start: Failed to exec start script
14 verbose stack Error: loc8r@0.0.1 start: `node ./bin/www`
14 verbose stack Exit status 1
14 verbose stack     at EventEmitter.<anonymous> (C:\Users\yis\AppData\Roaming\npm\node_modules\npm\lib\utils\lifecycle.js:239:16)
14 verbose stack     at emitTwo (events.js:87:13)
14 verbose stack     at EventEmitter.emit (events.js:172:7)
14 verbose stack     at ChildProcess.<anonymous> (C:\Users\yis\AppData\Roaming\npm\node_modules\npm\lib\utils\spawn.js:24:14)
14 verbose stack     at emitTwo (events.js:87:13)
14 verbose stack     at ChildProcess.emit (events.js:172:7)
14 verbose stack     at maybeClose (internal/child_process.js:821:16)
14 verbose stack     at Process.ChildProcess._handle.onexit (internal/child_process.js:211:5)
15 verbose pkgid loc8r@0.0.1
16 verbose cwd C:\loc8r
17 error Windows_NT 6.1.7601
18 error argv "C:\\Program Files\\nodejs\\node.exe" "C:\\Users\\yis\\AppData\\Roaming\\npm\\node_modules\\npm\\bin\\npm-cli.js" "start"
19 error node v4.2.6
20 error npm  v3.8.1
21 error code ELIFECYCLE
22 error loc8r@0.0.1 start: `node ./bin/www`
22 error Exit status 1
23 error Failed at the loc8r@0.0.1 start script 'node ./bin/www'.
23 error Make sure you have the latest version of node.js and npm installed.
23 error If you do, this is most likely a problem with the loc8r package,
23 error not with npm itself.
23 error Tell the author that this fails on your system:
23 error     node ./bin/www
23 error You can get information on how to open an issue for this project with:
23 error     npm bugs loc8r
23 error Or if that isn't available, you can get their info via:
23 error     npm owner ls loc8r
23 error There is likely additional logging output above.
24 verbose exit [ 1, true ]
